build/outputs/logs/manifest-merger-debug-report.txt
-- Merging decision tree log ---
manifest
ADDED from Desktop\GesturePOC\AndroidManifest.xml:2:1-30:12
	package
		ADDED from Desktop\GesturePOC\AndroidManifest.xml:3:5-37
	android:versionName
		ADDED from Desktop\GesturePOC\AndroidManifest.xml:5:5-30
		INJECTED from Desktop\GesturePOC\AndroidManifest.xml
		INJECTED from Desktop\GesturePOC\AndroidManifest.xml
	android:versionCode
		ADDED from Desktop\GesturePOC\AndroidManifest.xml:4:5-28
		INJECTED from Desktop\GesturePOC\AndroidManifest.xml
		INJECTED from Desktop\GesturePOC\AndroidManifest.xml
	xmlns:android
		ADDED from Desktop\GesturePOC\AndroidManifest.xml:2:11-69
uses-sdk
ADDED from Desktop\GesturePOC\AndroidManifest.xml:7:5-9:41
	android:targetSdkVersion
		ADDED from Desktop\GesturePOC\AndroidManifest.xml:9:9-38
	android:minSdkVersion
		ADDED from Desktop\GesturePOC\AndroidManifest.xml:8:9-35
application
ADDED from Desktop\GesturePOC\AndroidManifest.xml:11:5-28:19
	android:label
		ADDED from Desktop\GesturePOC\AndroidManifest.xml:14:9-41
	android:allowBackup
		ADDED from Desktop\GesturePOC\AndroidManifest.xml:12:9-35
	android:icon
		ADDED from Desktop\GesturePOC\AndroidManifest.xml:13:9-45
	android:theme
		ADDED from Desktop\GesturePOC\AndroidManifest.xml:15:9-40
activity#com.example.gesturepoc.MainActivity
ADDED from Desktop\GesturePOC\AndroidManifest.xml:16:9-25:20
	android:label
		ADDED from Desktop\GesturePOC\AndroidManifest.xml:18:13-45
	android:theme
		ADDED from Desktop\GesturePOC\AndroidManifest.xml:19:13-55
	android:name
		ADDED from Desktop\GesturePOC\AndroidManifest.xml:17:13-63
intent-filter#android.intent.action.MAIN+android.intent.category.LAUNCHER
ADDED from Desktop\GesturePOC\AndroidManifest.xml:20:13-24:29
action#android.intent.action.MAIN
ADDED from Desktop\GesturePOC\AndroidManifest.xml:21:17-69
	android:name
		ADDED from Desktop\GesturePOC\AndroidManifest.xml:21:25-66
category#android.intent.category.LAUNCHER
ADDED from Desktop\GesturePOC\AndroidManifest.xml:23:17-77
	android:name
		ADDED from Desktop\GesturePOC\AndroidManifest.xml:23:27-74
activity#com.example.gesturepoc.SettingActivity
ADDED from Desktop\GesturePOC\AndroidManifest.xml:26:9-104
	android:theme
		ADDED from Desktop\GesturePOC\AndroidManifest.xml:26:50-92
	android:name
		ADDED from Desktop\GesturePOC\AndroidManifest.xml:26:19-49
activity#com.example.gesturepoc.VerifyActivity
ADDED from Desktop\GesturePOC\AndroidManifest.xml:27:9-103
	android:theme
		ADDED from Desktop\GesturePOC\AndroidManifest.xml:27:49-91
	android:name
		ADDED from Desktop\GesturePOC\AndroidManifest.xml:27:19-48